build/app/outputs/mapping/release/seeds.txt
com.example.itp_voice.MainActivity
com.example.itp_voice.MainActivity: MainActivity()
...
com.dexterous.flutterlocalnotifications.models.NotificationChannelGroupDetails: java.lang.String ID
com.google.android.gms.internal.measurement.zzbv: com.google.android.gms.internal.measurement.zzbv zzl
com.google.android.gms.internal.fido.zzc: java.lang.ClassLoader zzb
com.google.android.gms.internal.firebase-auth-api.zzakt: int zzf
com.google.android.gms.internal.firebase-auth-api.zzpq: com.google.android.gms.internal.firebase-auth-api.zzpq$zzb zzc
org.webrtc.MediaCodecUtils: int COLOR_QCOM_FORMATYVU420PackedSemiPlanar32m4ka
org.webrtc.Camera1Session$SessionState: org.webrtc.Camera1Session$SessionState STOPPED
com.google.firestore.v1.TransactionOptions: java.lang.Object mode_
com.google.android.gms.internal.firebase-auth-api.zzajm: com.google.android.gms.internal.firebase-auth-api.zzajm[] zzk
org.webrtc.CameraVideoCapturer$CameraStatistics: java.lang.String TAG
com.google.android.gms.internal.firebase-auth-api.zzwq: com.google.android.gms.internal.firebase-auth-api.zzwq zzb
org.webrtc.VideoCodecStatus: org.webrtc.VideoCodecStatus[] $VALUES
com.google.android.recaptcha.internal.zzmu: java.lang.String zzh
com.cloudwebrtc.webrtc.R$id: int accessibility_custom_action_10
org.webrtc.MediaCodecUtils: int[] ENCODER_COLOR_FORMATS
com.cloudwebrtc.webrtc.FlutterRTCVideoRenderer$1: int _width
com.google.android.gms.internal.auth.zzgj: com.google.android.gms.internal.auth.zzgy zzc
com.google.android.recaptcha.internal.zzha: int zzg
org.webrtc.EglRenderer: float layoutAspectRatio
com.google.android.gms.internal.auth-api-phone.zzl: java.lang.String zzb
com.google.android.gms.internal.firebase-auth-api.zzaaw: com.google.firebase.auth.EmailAuthCredential zzy
com.dexterous.flutterlocalnotifications.models.SoundSource: com.dexterous.flutterlocalnotifications.models.SoundSource[] $VALUES
com.google.android.gms.internal.firebase-auth-api.zzat: com.google.android.gms.internal.firebase-auth-api.zzaw zza
org.webrtc.audio.WebRtcAudioRecord: int audioFormat
com.google.android.gms.internal.measurement.zzpp: com.google.android.gms.internal.measurement.zzpp zza
com.google.android.gms.internal.firebase-auth-api.zzacz: boolean zzz
com.google.android.gms.internal.firebase-auth-api.zzaeo: java.lang.String zze
com.google.android.recaptcha.internal.zzl: com.google.android.recaptcha.internal.zzl zzT
org.webrtc.SurfaceTextureHelper: org.webrtc.TimestampAligner timestampAligner
org.webrtc.HardwareVideoEncoder: long lastKeyFrameNs
com.google.android.play.core.integrity.ab: java.lang.Long b
com.google.android.gms.auth.api.signin.internal.GoogleSignInOptionsExtensionParcelable: android.os.Parcelable$Creator CREATOR
com.google.android.gms.internal.firebase-auth-api.zzhp: int[] zza
com.cloudwebrtc.webrtc.R$id: int accessibility_custom_action_31
com.google.android.gms.internal.firebase-auth-api.zzamt: com.google.android.gms.internal.firebase-auth-api.zzamt zzj
com.google.android.gms.internal.firebase-auth-api.zzjv$zzd: com.google.android.gms.internal.firebase-auth-api.zzjv$zzd zza
com.dexterous.flutterlocalnotifications.FlutterLocalNotificationsPlugin: java.lang.String INVALID_RAW_RESOURCE_ERROR_MESSAGE
com.google.android.gms.internal.auth.zzez: byte[] zzd
com.google.android.gms.internal.measurement.zzbu: java.lang.String zzb
com.google.android.gms.fido.fido2.api.common.zzq: android.os.Parcelable$Creator CREATOR
com.cloudwebrtc.webrtc.FlutterRTCFrameCryptor$FrameCryptorStateObserver: com.cloudwebrtc.webrtc.FlutterRTCFrameCryptor this$0
com.google.android.recaptcha.internal.zzon: java.lang.String zze
com.google.android.gms.internal.firebase-auth-api.zzzg: com.google.android.gms.internal.firebase-auth-api.zzadm zza
com.google.android.recaptcha.internal.zzp: com.google.android.recaptcha.internal.zzl zzd
com.google.android.recaptcha.internal.zzba: java.lang.String zza
androidx.collection.LruCache: int createCount
com.google.android.gms.internal.measurement.zzga: boolean zzh
com.google.android.gms.internal.measurement.zzny: com.google.common.base.Supplier zzb