build/app/outputs/mapping/release/usage.txt
com.example.itp_voice.BuildConfig
com.example.itp_voice.R$anim
com.example.itp_voice.R$animator
com.example.itp_voice.R$array
com.example.itp_voice.R$attr
com.example.itp_voice.R$color
com.example.itp_voice.R$dimen
com.example.itp_voice.R$drawable
com.example.itp_voice.R$font
com.example.itp_voice.R$id
com.example.itp_voice.R$integer
com.example.itp_voice.R$layout
com.example.itp_voice.R$mipmap
com.example.itp_voice.R$plurals
com.example.itp_voice.R$raw
com.example.itp_voice.R$string
com.example.itp_voice.R$style
com.example.itp_voice.R$styleable
com.example.itp_voice.R$xml
com.example.itp_voice.R
...
com.google.android.exoplayer2.text.cea.CeaDecoder:
    private static final int NUM_INPUT_BUFFERS
    private static final int NUM_OUTPUT_BUFFERS
    public abstract java.lang.String getName()
com.google.android.exoplayer2.text.cea.package-info
com.google.android.exoplayer2.text.dvb.DvbParser:
    private static final int DATA_TYPE_24_TABLE_DATA
    private static final int DATA_TYPE_28_TABLE_DATA
    private static final int DATA_TYPE_2BP_CODE_STRING
    private static final int DATA_TYPE_48_TABLE_DATA
    private static final int DATA_TYPE_4BP_CODE_STRING
    private static final int DATA_TYPE_8BP_CODE_STRING
    private static final int DATA_TYPE_END_LINE
    private static final int OBJECT_CODING_PIXELS
    private static final int OBJECT_CODING_STRING
    private static final int PAGE_STATE_NORMAL
    private static final int REGION_DEPTH_4_BIT
    private static final int REGION_DEPTH_8_BIT
    private static final int SEGMENT_TYPE_CLUT_DEFINITION
    private static final int SEGMENT_TYPE_DISPLAY_DEFINITION
    private static final int SEGMENT_TYPE_OBJECT_DATA
    private static final int SEGMENT_TYPE_PAGE_COMPOSITION
    private static final int SEGMENT_TYPE_REGION_COMPOSITION
    private static final java.lang.String TAG
com.google.android.exoplayer2.text.dvb.package-info
com.google.android.exoplayer2.text.package-info
com.google.android.exoplayer2.text.pgs.PgsDecoder:
    private static final byte INFLATE_HEADER
    private static final int SECTION_TYPE_BITMAP_PICTURE
    private static final int SECTION_TYPE_END
    private static final int SECTION_TYPE_IDENTIFIER
    private static final int SECTION_TYPE_PALETTE
com.google.android.exoplayer2.text.pgs.package-info
com.google.android.exoplayer2.text.span.SpanUtil:
    private void <init>()
com.google.android.exoplayer2.text.span.TextAnnotation$Position
com.google.android.exoplayer2.text.span.TextAnnotation
com.google.android.exoplayer2.text.span.TextEmphasisSpan$MarkFill
com.google.android.exoplayer2.text.span.TextEmphasisSpan$MarkShape
com.google.android.exoplayer2.text.span.TextEmphasisSpan:
    public static final int MARK_FILL_FILLED
    public static final int MARK_FILL_OPEN
    public static final int MARK_FILL_UNKNOWN
    public static final int MARK_SHAPE_CIRCLE
    public static final int MARK_SHAPE_DOT
    public static final int MARK_SHAPE_NONE
    public static final int MARK_SHAPE_SESAME
com.google.android.exoplayer2.text.span.package-info
com.google.android.exoplayer2.text.ssa.SsaDecoder:
    private static final float DEFAULT_MARGIN
    private static final java.lang.String DIALOGUE_LINE_PREFIX
    static final java.lang.String FORMAT_LINE_PREFIX
    static final java.lang.String STYLE_LINE_PREFIX
    private static final java.lang.String TAG
    public void <init>()
com.google.android.exoplayer2.text.ssa.SsaStyle$Overrides:
    private static final java.lang.String PADDED_DECIMAL_PATTERN
    private static final java.lang.String TAG
com.google.android.exoplayer2.text.ssa.SsaStyle$SsaAlignment
com.google.android.exoplayer2.text.ssa.SsaStyle$SsaBorderStyle
com.google.android.exoplayer2.text.ssa.SsaStyle:
    public static final int SSA_ALIGNMENT_BOTTOM_CENTER
    public static final int SSA_ALIGNMENT_BOTTOM_LEFT
    public static final int SSA_ALIGNMENT_BOTTOM_RIGHT
    public static final int SSA_ALIGNMENT_MIDDLE_CENTER
    public static final int SSA_ALIGNMENT_MIDDLE_LEFT
    public static final int SSA_ALIGNMENT_MIDDLE_RIGHT
    public static final int SSA_ALIGNMENT_TOP_CENTER
    public static final int SSA_ALIGNMENT_TOP_LEFT
    public static final int SSA_ALIGNMENT_TOP_RIGHT
    public static final int SSA_ALIGNMENT_UNKNOWN
    public static final int SSA_BORDER_STYLE_BOX
    public static final int SSA_BORDER_STYLE_OUTLINE
    public static final int SSA_BORDER_STYLE_UNKNOWN
    private static final java.lang.String TAG
com.google.android.exoplayer2.text.ssa.package-info